[Licensing::Module] Trying to connect to existing licensing client channel...
Built from '6000.3/respin/6000.3.6f1-732c1ec89f18' branch; Version is '6000.3.6f1 (bbb010bdb8a3) revision 12300304'; Using compiler version '194234433'; Build Type 'Release'
[Licensing::IpcConnector] Successfully connected to: "LicenseClient-alext" at "2026-02-04T12:20:40.483603Z"
OS: 'Windows 11  (10.0.26100) Core' Language: 'ru' Physical Memory: 16220 MB
BatchMode: 1, IsHumanControllingUs: 0, StartBugReporterOnCrash: 0, Is64bit: 1
System  architecture: x64
Process architecture: x64
Date: 2026-02-04T12:20:40Z

COMMAND LINE ARGUMENTS:
C:\Program Files\Unity\Hub\Editor\6000.3.6f1\Editor\Unity.exe
-adb2
-batchMode
-noUpm
-name
AssetImportWorker1
-projectPath
C:/Users/alext/InfinityAdventurePrototype/InfinityAdventurePrototype/Infinity Adventure Prototype
-logFile
Logs/AssetImportWorker1.log
-srvPort
59228
-licensingIpc
LicenseClient-alext
-job-worker-count
5
-background-job-worker-count
8
-gc-helper-count
1
-name
AssetImport
Successfully changed project path to: C:/Users/alext/InfinityAdventurePrototype/InfinityAdventurePrototype/Infinity Adventure Prototype
C:/Users/alext/InfinityAdventurePrototype/InfinityAdventurePrototype/Infinity Adventure Prototype
[UnityMemory] Configuration Parameters - Can be set up in boot.config
    "memorysetup-temp-allocator-size-nav-mesh-worker=65536"
    "memorysetup-temp-allocator-size-audio-worker=65536"
    "memorysetup-temp-allocator-size-gfx=262144"
    "memorysetup-allocator-temp-initial-block-size-main=262144"
    "memorysetup-allocator-temp-initial-block-size-worker=262144"
    "memorysetup-temp-allocator-size-background-worker=32768"
    "memorysetup-temp-allocator-size-job-worker=262144"
    "memorysetup-temp-allocator-size-preload-manager=33554432"
    "memorysetup-temp-allocator-size-gi-baking-worker=262144"
    "memorysetup-temp-allocator-size-gi-baking-worker=262144"
    "memorysetup-temp-allocator-size-gi-baking-worker=262144"
    "memorysetup-temp-allocator-size-gi-baking-worker=262144"
    "memorysetup-temp-allocator-size-gi-baking-worker=262144"
    "memorysetup-bucket-allocator-granularity=16"
    "memorysetup-bucket-allocator-bucket-count=8"
    "memorysetup-bucket-allocator-block-size=33554432"
    "memorysetup-bucket-allocator-block-count=8"
    "memorysetup-main-allocator-block-size=16777216"
    "memorysetup-thread-allocator-block-size=16777216"
    "memorysetup-gfx-main-allocator-block-size=16777216"
    "memorysetup-gfx-thread-allocator-block-size=16777216"
    "memorysetup-cache-allocator-block-size=4194304"
    "memorysetup-typetree-allocator-block-size=2097152"
    "memorysetup-profiler-bucket-allocator-granularity=16"
    "memorysetup-profiler-bucket-allocator-bucket-count=8"
    "memorysetup-profiler-bucket-allocator-block-size=33554432"
    "memorysetup-profiler-bucket-allocator-block-count=8"
    "memorysetup-profiler-allocator-block-size=16777216"
    "memorysetup-profiler-editor-allocator-block-size=1048576"
    "memorysetup-temp-allocator-size-main=16777216"
    "memorysetup-job-temp-allocator-block-size=2097152"
    "memorysetup-job-temp-allocator-block-size-background=1048576"
    "memorysetup-job-temp-allocator-reduction-small-platforms=262144"
    "memorysetup-temp-allocator-size-cloud-worker=32768"
Player connection [23532]  Target information:

Player connection [23532]  * "[IP] 192.168.31.152 [Port] 0 [Flags] 2 [Guid] 301360151 [EditorId] 301360151 [Version] 1048832 [Id] WindowsEditor(7,Kaban) [Debug] 1 [PackageName] WindowsEditor [ProjectName] Editor" 

Player connection [23532]  * "[IP] 26.234.173.26 [Port] 0 [Flags] 2 [Guid] 301360151 [EditorId] 301360151 [Version] 1048832 [Id] WindowsEditor(7,Kaban) [Debug] 1 [PackageName] WindowsEditor [ProjectName] Editor" 

Player connection [23532] Host joined multi-casting on [225.0.0.222:54997]...
Player connection [23532] Host joined alternative multi-casting on [225.0.0.222:34997]...
JobSystem: Creating JobQueue using job-worker-count value 5
Input System module state changed to: Initialized.
[Physics::Module] Initialized fallback backend.
[Physics::Module] Id: 0xdecafbad
Library Redirect Path: Library/
[Physics::Module] Selected backend.
[Physics::Module] Name: PhysX
[Physics::Module] Id: 0xf2b8ea05
[Physics::Module] SDK Version: 4.1.2
[Physics::Module] Integration Version: 1.0.0
[Physics::Module] Threading Mode: Multi-Threaded
Refreshing native plugins compatible for Editor in 3.36 ms, found 2 plugins.
Preloading 0 native plugins for Editor in 0.00 ms.
Initialize engine version: 6000.3.6f1 (bbb010bdb8a3)
[Subsystems] Discovering subsystems at path C:/Program Files/Unity/Hub/Editor/6000.3.6f1/Editor/Data/Resources/UnitySubsystems
[Subsystems] Discovering subsystems at path C:/Users/alext/InfinityAdventurePrototype/InfinityAdventurePrototype/Infinity Adventure Prototype/Assets
GfxDevice: creating device client; kGfxThreadingModeNonThreaded
Direct3D:
    Version:  Direct3D 11.0 [level 11.1]
    Renderer: NVIDIA GeForce RTX 2060 SUPER (ID=0x1f06)
    Vendor:   NVIDIA
    VRAM:     8006 MB
    Driver:   32.0.15.9144
Initialize mono
Mono path[0] = 'C:/Program Files/Unity/Hub/Editor/6000.3.6f1/Editor/Data/Managed'
Mono path[1] = 'C:/Program Files/Unity/Hub/Editor/6000.3.6f1/Editor/Data/MonoBleedingEdge/lib/mono/unityjit-win32'
Mono config path = 'C:/Program Files/Unity/Hub/Editor/6000.3.6f1/Editor/Data/MonoBleedingEdge/etc'
Using monoOptions --debugger-agent=transport=dt_socket,embedding=1,server=y,suspend=n,address=127.0.0.1:56472
Begin MonoManager ReloadAssembly
Registering precompiled unity dll's ...
Register platform support module: C:/Program Files/Unity/Hub/Editor/6000.3.6f1/Editor/Data/PlaybackEngines/WindowsStandaloneSupport/UnityEditor.WindowsStandalone.Extensions.dll
Registered in 0.001222 seconds.
- Loaded All Assemblies, in  0.425 seconds
Native extension for WindowsStandalone target not found
ScheduleIndexationOnStartup MainProcess:False IndexOnStartup:True
Mono: successfully reloaded assembly
- Finished resetting the current domain, in  0.460 seconds
Domain Reload Profiling: 883ms
	BeginReloadAssembly (130ms)
		ExecutionOrderSort (0ms)
		DisableScriptedObjects (0ms)
		BackupInstance (0ms)
		ReleaseScriptingObjects (0ms)
		CreateAndSetChildDomain (1ms)
	RebuildCommonClasses (40ms)
	RebuildNativeTypeToScriptingClass (12ms)
	initialDomainReloadingComplete (45ms)
	LoadAllAssembliesAndSetupDomain (196ms)
		LoadAssemblies (127ms)
		RebuildTransferFunctionScriptingTraits (0ms)
		AnalyzeDomain (192ms)
			TypeCache.Refresh (190ms)
				TypeCache.ScanAssembly (175ms)
			BuildScriptInfoCaches (0ms)
			ResolveRequiredComponents (1ms)
	FinalizeReload (460ms)
		ReleaseScriptCaches (0ms)
		RebuildScriptCaches (0ms)
		SetupLoadedEditorAssemblies (421ms)
			LogAssemblyErrors (0ms)
			InitializePlatformSupportModulesInManaged (55ms)
			SetLoadedEditorAssemblies (4ms)
			BeforeProcessingInitializeOnLoad (101ms)
			ProcessInitializeOnLoadAttributes (183ms)
			ProcessInitializeOnLoadMethodAttributes (78ms)
			AfterProcessingInitializeOnLoad (0ms)
			EditorAssembliesLoaded (0ms)
		ExecutionOrderSort2 (0ms)
		AwakeInstancesAfterBackupRestoration (0ms)
Assembly reference Packages/com.unity.cinemachine/Editor/Samples/ExposeHDRPInternals/HDRP-Editor-ref.asmref has no target assembly definition
========================================================================
Worker process is ready to serve import requests
Import Worker Mode flag is 0x00
Assembly reference Packages/com.unity.cinemachine/Editor/Samples/ExposeHDRPInternals/HDRP-Editor-ref.asmref has no target assembly definition
Assembly reference Packages/com.unity.cinemachine/Editor/Samples/ExposeHDRPInternals/HDRP-Editor-ref.asmref has no target assembly definition
Begin MonoManager ReloadAssembly
[Licensing::Module] Licensing is not yet initialized.
[Licensing::Client] Error: HandshakeResponse reported an error:
	ResponseCode: 505
	ResponseStatus: Unsupported protocol version '1.17.4'.
[Licensing::Module] Error: Failed to handshake to channel: "LicenseClient-alext"
[Licensing::IpcConnector] LicenseClient-alext channel disconnected successfully.
[Licensing::IpcConnector] Successfully connected to: "LicenseClient-alext-6000.3.6" at "2026-02-04T12:20:42.5724293Z"
[Licensing::Client] Handshaking with LicensingClient:
  Version:                 1.17.4+4293ba1
  Session Id:              29f9d7e0c30e410eb0b6b27f904620ac
  Correlation Id:          576d46d0e85777315e0eb494166ff522
  External correlation Id: 8849833919778178591
  Machine Id:              PB05J8ktYJAjQ7F81dVTrLxLLNs=
[Licensing::Module] Successfully connected to LicensingClient on channel: "LicenseClient-alext-6000.3.6" (connect: 0.00s, validation: 0.00s, handshake: 1.86s)
[Licensing::IpcConnector] Successfully connected to: "LicenseClient-alext-6000.3.6-notifications" at "2026-02-04T12:20:44.4322223Z"
[Licensing::Module] Licensing Background thread has ended after 3.95s
[Licensing::Module] Licensing is initialized (took 2.19s).
[Licensing::Client] Successfully resolved entitlement details
[Licensing::Module] License group:
  Id: 10171535856082-UnityPersXXXX
  Product: Unity Personal
  Type: Assigned
  Expiration: Unlimited
- Loaded All Assemblies, in  2.825 seconds
Assembly reference Packages/com.unity.cinemachine/Editor/Samples/ExposeHDRPInternals/HDRP-Editor-ref.asmref has no target assembly definition
'Packages/com.unity.cinemachine/Editor/Obsolete/CinemachineVirtualCameraBaseEditor.cs' contains partial class of Unity.Object, exactly 1 of the partial classes needs to be in a file with the same filename. This is to know the one that can be referenced from ie. GameObjects
'Packages/com.unity.cinemachine/Editor/Editors/CinemachineVirtualCameraBaseEditor.cs' contains partial class of Unity.Object, exactly 1 of the partial classes needs to be in a file with the same filename. This is to know the one that can be referenced from ie. GameObjects
Refreshing native plugins compatible for Editor in 0.87 ms, found 2 plugins.
Native extension for WindowsStandalone target not found
Assembly reference Packages/com.unity.cinemachine/Editor/Samples/ExposeHDRPInternals/HDRP-Editor-ref.asmref has no target assembly definition
Package Manager log level set to [2]
[Package Manager] Failed to launch server process. Reason: Unity was launched with the -noUpm command-line argument
[Package Manager] Unable to send message (not connected to server process).
[Package Manager] Cannot connect to Unity Package Manager local server
ScheduleIndexationOnStartup MainProcess:False IndexOnStartup:True
Mono: successfully reloaded assembly
- Finished resetting the current domain, in  0.585 seconds
Domain Reload Profiling: 3408ms
	BeginReloadAssembly (2375ms)
		ExecutionOrderSort (0ms)
		DisableScriptedObjects (6ms)
		BackupInstance (0ms)
		ReleaseScriptingObjects (0ms)
		CreateAndSetChildDomain (29ms)
	RebuildCommonClasses (38ms)
	RebuildNativeTypeToScriptingClass (13ms)
	initialDomainReloadingComplete (43ms)
	LoadAllAssembliesAndSetupDomain (354ms)
		LoadAssemblies (288ms)
		RebuildTransferFunctionScriptingTraits (0ms)
		AnalyzeDomain (167ms)
			TypeCache.Refresh (105ms)
				TypeCache.ScanAssembly (95ms)
			BuildScriptInfoCaches (53ms)
			ResolveRequiredComponents (6ms)
	FinalizeReload (585ms)
		ReleaseScriptCaches (0ms)
		RebuildScriptCaches (0ms)
		SetupLoadedEditorAssemblies (482ms)
			LogAssemblyErrors (0ms)
			InitializePlatformSupportModulesInManaged (1ms)
			SetLoadedEditorAssemblies (3ms)
			BeforeProcessingInitializeOnLoad (153ms)
			ProcessInitializeOnLoadAttributes (264ms)
			ProcessInitializeOnLoadMethodAttributes (56ms)
			AfterProcessingInitializeOnLoad (4ms)
			EditorAssembliesLoaded (0ms)
		ExecutionOrderSort2 (0ms)
		AwakeInstancesAfterBackupRestoration (8ms)
Launched and connected shader compiler UnityShaderCompiler.exe after 0.01 seconds
Refreshing native plugins compatible for Editor in 0.73 ms, found 2 plugins.
Preloading 0 native plugins for Editor in 0.00 ms.
Unloading 1 Unused Serialized files (Serialized files now loaded: 0)
Unloading 4509 unused Assets / (1.4 MB). Loaded Objects now: 5111.
Memory consumption went from 96.9 MB to 95.6 MB.
Total: 6.354500 ms (FindLiveObjects: 0.374500 ms CreateObjectMapping: 0.440700 ms MarkObjects: 4.546700 ms  DeleteObjects: 0.991400 ms)

========================================================================
Received Import Request.
  Time since last request: 317077.298825 seconds.
  path: Assets/Tilemap/Tiles/waterfalls_52.asset
  artifactKey: Guid(670b4b4132f81ca4c99aaed5eea2de08) Importer(2089858483,d624ce77472d68a35037170ec1d2d27e)
Start importing Assets/Tilemap/Tiles/waterfalls_52.asset using Guid(670b4b4132f81ca4c99aaed5eea2de08) Importer(2089858483,d624ce77472d68a35037170ec1d2d27e) (ScriptedImporter) -> (artifact id: '62bc4ff96515ac452612ce52fbd29b72') in 0.1570369 seconds
Number of updated asset objects reloaded before import = 0Number of asset objects unloaded after import = 2

========================================================================
Received Import Request.
  Time since last request: 0.000023 seconds.
  path: Assets/Tilemap/Tiles/waterfalls_16.asset
  artifactKey: Guid(d8bfe26c5c8d0e74a94a98c4aabcccf9) Importer(2089858483,d624ce77472d68a35037170ec1d2d27e)
Start importing Assets/Tilemap/Tiles/waterfalls_16.asset using Guid(d8bfe26c5c8d0e74a94a98c4aabcccf9) Importer(2089858483,d624ce77472d68a35037170ec1d2d27e) (ScriptedImporter) -> (artifact id: 'a7d71c2ecfb1b88e7888f85dac5fb599') in 0.0056723 seconds
Number of updated asset objects reloaded before import = 0Number of asset objects unloaded after import = 2

========================================================================
Received Import Request.
  Time since last request: 0.000049 seconds.
  path: Assets/Tilemap/Tiles/waterfalls_15.asset
  artifactKey: Guid(8093aaf8f17a81644bb3bb04fd9cc0c2) Importer(2089858483,d624ce77472d68a35037170ec1d2d27e)
Start importing Assets/Tilemap/Tiles/waterfalls_15.asset using Guid(8093aaf8f17a81644bb3bb04fd9cc0c2) Importer(2089858483,d624ce77472d68a35037170ec1d2d27e) (ScriptedImporter) -> (artifact id: '3eb0a5fa632b7c5a487ea3f1f4f88da8') in 0.0038913 seconds
Number of updated asset objects reloaded before import = 0Number of asset objects unloaded after import = 2

========================================================================
Received Import Request.
  Time since last request: 0.000016 seconds.
  path: Assets/Tilemap/Tiles/waterfalls_71.asset
  artifactKey: Guid(3e4366fbaab0d8d4f96ab93d7fbb7b40) Importer(2089858483,d624ce77472d68a35037170ec1d2d27e)
Start importing Assets/Tilemap/Tiles/waterfalls_71.asset using Guid(3e4366fbaab0d8d4f96ab93d7fbb7b40) Importer(2089858483,d624ce77472d68a35037170ec1d2d27e) (ScriptedImporter) -> (artifact id: '19021fdbcf01f27c3771fdd39a9cbdba') in 0.0037255 seconds
Number of updated asset objects reloaded before import = 0Number of asset objects unloaded after import = 2

========================================================================
Received Import Request.
  Time since last request: 0.000019 seconds.
  path: Assets/Tilemap/Tiles/waterfalls_3.asset
  artifactKey: Guid(022528d58570ac24e906f1d00b43c940) Importer(2089858483,d624ce77472d68a35037170ec1d2d27e)
Start importing Assets/Tilemap/Tiles/waterfalls_3.asset using Guid(022528d58570ac24e906f1d00b43c940) Importer(2089858483,d624ce77472d68a35037170ec1d2d27e) (ScriptedImporter) -> (artifact id: '987ccca169d0961fb91efc9178f6400d') in 0.0041763 seconds
Number of updated asset objects reloaded before import = 0Number of asset objects unloaded after import = 2

========================================================================
Received Import Request.
  Time since last request: 0.000017 seconds.
  path: Assets/Tilemap/Tiles/waterfalls_73.asset
  artifactKey: Guid(c3baa201013aa074ba6e098bb1d42864) Importer(2089858483,d624ce77472d68a35037170ec1d2d27e)
Start importing Assets/Tilemap/Tiles/waterfalls_73.asset using Guid(c3baa201013aa074ba6e098bb1d42864) Importer(2089858483,d624ce77472d68a35037170ec1d2d27e) (ScriptedImporter) -> (artifact id: '219f7fad2a6da6fa47cf1aeb1cf1f382') in 0.0043308 seconds
Number of updated asset objects reloaded before import = 0Number of asset objects unloaded after import = 2

========================================================================
Received Import Request.
  Time since last request: 0.000016 seconds.
  path: Assets/Tilemap/Tiles/waterfalls_98.asset
  artifactKey: Guid(f595f086bc530f3409a70e215af1e12c) Importer(2089858483,d624ce77472d68a35037170ec1d2d27e)
Start importing Assets/Tilemap/Tiles/waterfalls_98.asset using Guid(f595f086bc530f3409a70e215af1e12c) Importer(2089858483,d624ce77472d68a35037170ec1d2d27e) (ScriptedImporter) -> (artifact id: '316213b11e7d857afe08c7293160592a') in 0.0038433 seconds
Number of updated asset objects reloaded before import = 0Number of asset objects unloaded after import = 2

========================================================================
Received Import Request.
  Time since last request: 0.000018 seconds.
  path: Assets/Tilemap/Tiles/waterfalls_72.asset
  artifactKey: Guid(8835398e4c6155941945e0259bf64971) Importer(2089858483,d624ce77472d68a35037170ec1d2d27e)
Start importing Assets/Tilemap/Tiles/waterfalls_72.asset using Guid(8835398e4c6155941945e0259bf64971) Importer(2089858483,d624ce77472d68a35037170ec1d2d27e) (ScriptedImporter) -> (artifact id: '4f3550a15da6a10d46249f469f326837') in 0.004127 seconds
Number of updated asset objects reloaded before import = 0Number of asset objects unloaded after import = 2

========================================================================
Received Import Request.
  Time since last request: 0.000034 seconds.
  path: Assets/Tilemap/Tiles/waterfalls_55.asset
  artifactKey: Guid(aaf130d51f98d9c4ca13e26d2e377440) Importer(2089858483,d624ce77472d68a35037170ec1d2d27e)
Start importing Assets/Tilemap/Tiles/waterfalls_55.asset using Guid(aaf130d51f98d9c4ca13e26d2e377440) Importer(2089858483,d624ce77472d68a35037170ec1d2d27e) (ScriptedImporter) -> (artifact id: 'c49a09aa343970e2579e33852940657d') in 0.0036793 seconds
Number of updated asset objects reloaded before import = 0Number of asset objects unloaded after import = 2

========================================================================
Received Import Request.
  Time since last request: 0.000017 seconds.
  path: Assets/Tilemap/Tiles/waterfalls_30.asset
  artifactKey: Guid(0ba9b38b733cb1a4f8f51431037369fd) Importer(2089858483,d624ce77472d68a35037170ec1d2d27e)
Start importing Assets/Tilemap/Tiles/waterfalls_30.asset using Guid(0ba9b38b733cb1a4f8f51431037369fd) Importer(2089858483,d624ce77472d68a35037170ec1d2d27e) (ScriptedImporter) -> (artifact id: '1060f747145f43a5fffdc415ce8c753c') in 0.003655 seconds
Number of updated asset objects reloaded before import = 0Number of asset objects unloaded after import = 2

========================================================================
Received Import Request.
  Time since last request: 0.000064 seconds.
  path: Assets/Tilemap/Tiles/waterfalls_23.asset
  artifactKey: Guid(c4171b0d5c7624247ab338579cff9c42) Importer(2089858483,d624ce77472d68a35037170ec1d2d27e)
Start importing Assets/Tilemap/Tiles/waterfalls_23.asset using Guid(c4171b0d5c7624247ab338579cff9c42) Importer(2089858483,d624ce77472d68a35037170ec1d2d27e) (ScriptedImporter) -> (artifact id: '66cdd58fb7531c3cebe95055129c60cf') in 0.0039053 seconds
Number of updated asset objects reloaded before import = 0Number of asset objects unloaded after import = 2

========================================================================
Received Import Request.
  Time since last request: 0.000016 seconds.
  path: Assets/Tilemap/Tiles/waterfalls_103.asset
  artifactKey: Guid(2ed311f05f0b9ef4ab032e6f68364fac) Importer(2089858483,d624ce77472d68a35037170ec1d2d27e)
Start importing Assets/Tilemap/Tiles/waterfalls_103.asset using Guid(2ed311f05f0b9ef4ab032e6f68364fac) Importer(2089858483,d624ce77472d68a35037170ec1d2d27e) (ScriptedImporter) -> (artifact id: '7420593b4cb25e55967e705e982a21c5') in 0.0045798 seconds
Number of updated asset objects reloaded before import = 0Number of asset objects unloaded after import = 2

========================================================================
Received Import Request.
  Time since last request: 0.000013 seconds.
  path: Assets/Tilemap/Tiles/waterfalls_60.asset
  artifactKey: Guid(b7ba1154e4f45534db0e59bea269e1e8) Importer(2089858483,d624ce77472d68a35037170ec1d2d27e)
Start importing Assets/Tilemap/Tiles/waterfalls_60.asset using Guid(b7ba1154e4f45534db0e59bea269e1e8) Importer(2089858483,d624ce77472d68a35037170ec1d2d27e) (ScriptedImporter) -> (artifact id: '757ad9ad853bd62f5ec3c54567d2093a') in 0.0039738 seconds
Number of updated asset objects reloaded before import = 0Number of asset objects unloaded after import = 2

========================================================================
Received Import Request.
  Time since last request: 0.000019 seconds.
  path: Assets/Tilemap/Tiles/waterfalls_47.asset
  artifactKey: Guid(9ed5f5c7ae9214c4991a2c6707e449c7) Importer(2089858483,d624ce77472d68a35037170ec1d2d27e)
Start importing Assets/Tilemap/Tiles/waterfalls_47.asset using Guid(9ed5f5c7ae9214c4991a2c6707e449c7) Importer(2089858483,d624ce77472d68a35037170ec1d2d27e) (ScriptedImporter) -> (artifact id: 'aa3178e70e47460b9ff5644d592b1184') in 0.0040233 seconds
Number of updated asset objects reloaded before import = 0Number of asset objects unloaded after import = 2

========================================================================
Received Import Request.
  Time since last request: 0.000013 seconds.
  path: Assets/Tilemap/Tiles/waterfalls_53.asset
  artifactKey: Guid(7c693c00ded867c4f93a77ed5be770f3) Importer(2089858483,d624ce77472d68a35037170ec1d2d27e)
Start importing Assets/Tilemap/Tiles/waterfalls_53.asset using Guid(7c693c00ded867c4f93a77ed5be770f3) Importer(2089858483,d624ce77472d68a35037170ec1d2d27e) (ScriptedImporter) -> (artifact id: '8f5ca316a4b9daaf77d288da576e1eff') in 0.0063722 seconds
Number of updated asset objects reloaded before import = 0Number of asset objects unloaded after import = 2

========================================================================
Received Import Request.
  Time since last request: 0.000020 seconds.
  path: Assets/Tilemap/Tiles/waterfalls_34.asset
  artifactKey: Guid(595f9fa49d7ccc546a2081c58292aeff) Importer(2089858483,d624ce77472d68a35037170ec1d2d27e)
Start importing Assets/Tilemap/Tiles/waterfalls_34.asset using Guid(595f9fa49d7ccc546a2081c58292aeff) Importer(2089858483,d624ce77472d68a35037170ec1d2d27e) (ScriptedImporter) -> (artifact id: '73ae59d81185ea92547a5e5a6d847ebc') in 0.0039676 seconds
Number of updated asset objects reloaded before import = 0Number of asset objects unloaded after import = 2

========================================================================
Received Import Request.
  Time since last request: 0.000017 seconds.
  path: Assets/Tilemap/Tiles/waterfalls_24.asset
  artifactKey: Guid(ecf2a05cc90d0d04fa7c28732837ec1a) Importer(2089858483,d624ce77472d68a35037170ec1d2d27e)
Start importing Assets/Tilemap/Tiles/waterfalls_24.asset using Guid(ecf2a05cc90d0d04fa7c28732837ec1a) Importer(2089858483,d624ce77472d68a35037170ec1d2d27e) (ScriptedImporter) -> (artifact id: '0492792e30809090061ebce457a8c7b8') in 0.0049258 seconds
Number of updated asset objects reloaded before import = 0Number of asset objects unloaded after import = 2

========================================================================
Received Import Request.
  Time since last request: 0.000019 seconds.
  path: Assets/Tilemap/Tiles/waterfalls_5.asset
  artifactKey: Guid(604ba986d1ace3b4babb93c63770350e) Importer(2089858483,d624ce77472d68a35037170ec1d2d27e)
Start importing Assets/Tilemap/Tiles/waterfalls_5.asset using Guid(604ba986d1ace3b4babb93c63770350e) Importer(2089858483,d624ce77472d68a35037170ec1d2d27e) (ScriptedImporter) -> (artifact id: '5e95b70dd467d3c23b57e46e9ee31e33') in 0.0067782 seconds
Number of updated asset objects reloaded before import = 0Number of asset objects unloaded after import = 2

========================================================================
Received Import Request.
  Time since last request: 0.000068 seconds.
  path: Assets/Tilemap/Tiles/waterfalls_50.asset
  artifactKey: Guid(4c4f07d111effda48b9043fc5fb16407) Importer(2089858483,d624ce77472d68a35037170ec1d2d27e)
Start importing Assets/Tilemap/Tiles/waterfalls_50.asset using Guid(4c4f07d111effda48b9043fc5fb16407) Importer(2089858483,d624ce77472d68a35037170ec1d2d27e) (ScriptedImporter) -> (artifact id: 'c3a34a2c2071e44b1e3796ecbecfb054') in 0.0044187 seconds
Number of updated asset objects reloaded before import = 0Number of asset objects unloaded after import = 2

========================================================================
Received Import Request.
  Time since last request: 0.000021 seconds.
  path: Assets/Tilemap/Tiles/waterfalls_48.asset
  artifactKey: Guid(627373d25ae47a0449f9b1005c2203d0) Importer(2089858483,d624ce77472d68a35037170ec1d2d27e)
Start importing Assets/Tilemap/Tiles/waterfalls_48.asset using Guid(627373d25ae47a0449f9b1005c2203d0) Importer(2089858483,d624ce77472d68a35037170ec1d2d27e) (ScriptedImporter) -> (artifact id: '172f0b972097d1aed3373625c6d46a05') in 0.0036989 seconds
Number of updated asset objects reloaded before import = 0Number of asset objects unloaded after import = 2

========================================================================
Received Import Request.
  Time since last request: 0.000016 seconds.
  path: Assets/Tilemap/Tiles/waterfalls_18.asset
  artifactKey: Guid(cafb90efaafca3045a448a07636689a6) Importer(2089858483,d624ce77472d68a35037170ec1d2d27e)
Start importing Assets/Tilemap/Tiles/waterfalls_18.asset using Guid(cafb90efaafca3045a448a07636689a6) Importer(2089858483,d624ce77472d68a35037170ec1d2d27e) (ScriptedImporter) -> (artifact id: 'e160bc2527451aeb0eeb351acf5ffadf') in 0.0037942 seconds
Number of updated asset objects reloaded before import = 0Number of asset objects unloaded after import = 2

========================================================================
Received Import Request.
  Time since last request: 0.000014 seconds.
  path: Assets/Tilemap/Tiles/waterfalls_76.asset
  artifactKey: Guid(22ef2958c9ae2e0498c6f3694817041d) Importer(2089858483,d624ce77472d68a35037170ec1d2d27e)
Start importing Assets/Tilemap/Tiles/waterfalls_76.asset using Guid(22ef2958c9ae2e0498c6f3694817041d) Importer(2089858483,d624ce77472d68a35037170ec1d2d27e) (ScriptedImporter) -> (artifact id: 'c47a036567a855a8b2ba1046ae7f0233') in 0.0039678 seconds
Number of updated asset objects reloaded before import = 0Number of asset objects unloaded after import = 2

========================================================================
Received Import Request.
  Time since last request: 0.000018 seconds.
  path: Assets/Tilemap/Tiles/waterfalls_111.asset
  artifactKey: Guid(a8159cc8c7490474093477a75b05b721) Importer(2089858483,d624ce77472d68a35037170ec1d2d27e)
Start importing Assets/Tilemap/Tiles/waterfalls_111.asset using Guid(a8159cc8c7490474093477a75b05b721) Importer(2089858483,d624ce77472d68a35037170ec1d2d27e) (ScriptedImporter) -> (artifact id: '1695b544775305001a8376c519c3f4a2') in 0.0036302 seconds
Number of updated asset objects reloaded before import = 0Number of asset objects unloaded after import = 2

========================================================================
Received Import Request.
  Time since last request: 0.000034 seconds.
  path: Assets/Tilemap/Tiles/waterfalls_32.asset
  artifactKey: Guid(4b979149308f17d4f967a0edf6bf279f) Importer(2089858483,d624ce77472d68a35037170ec1d2d27e)
Start importing Assets/Tilemap/Tiles/waterfalls_32.asset using Guid(4b979149308f17d4f967a0edf6bf279f) Importer(2089858483,d624ce77472d68a35037170ec1d2d27e) (ScriptedImporter) -> (artifact id: '8be9b93166c4420f35007db575094e10') in 0.0045259 seconds
Number of updated asset objects reloaded before import = 0Number of asset objects unloaded after import = 2

========================================================================
Received Import Request.
  Time since last request: 0.000017 seconds.
  path: Assets/Tilemap/Tiles/waterfalls_6.asset
  artifactKey: Guid(d92502db301358849a880127cedcfc41) Importer(2089858483,d624ce77472d68a35037170ec1d2d27e)
Start importing Assets/Tilemap/Tiles/waterfalls_6.asset using Guid(d92502db301358849a880127cedcfc41) Importer(2089858483,d624ce77472d68a35037170ec1d2d27e) (ScriptedImporter) -> (artifact id: '5dd56e56681b1714c980e3756b54f5b9') in 0.003325 seconds
Number of updated asset objects reloaded before import = 0Number of asset objects unloaded after import = 2

========================================================================
Received Import Request.
  Time since last request: 0.000013 seconds.
  path: Assets/Tilemap/Tiles/waterfalls_110.asset
  artifactKey: Guid(223c7a6b0514184499014b4d65498393) Importer(2089858483,d624ce77472d68a35037170ec1d2d27e)
Start importing Assets/Tilemap/Tiles/waterfalls_110.asset using Guid(223c7a6b0514184499014b4d65498393) Importer(2089858483,d624ce77472d68a35037170ec1d2d27e) (ScriptedImporter) -> (artifact id: '52d2c59bdb0b5dcaa9bd1c8d4b6aff49') in 0.0039326 seconds
Number of updated asset objects reloaded before import = 0Number of asset objects unloaded after import = 2

========================================================================
Received Import Request.
  Time since last request: 0.000020 seconds.
  path: Assets/Tilemap/Tiles/waterfalls_44.asset
  artifactKey: Guid(0f3467eec53322e4ab6b05d66edb4cc4) Importer(2089858483,d624ce77472d68a35037170ec1d2d27e)
Start importing Assets/Tilemap/Tiles/waterfalls_44.asset using Guid(0f3467eec53322e4ab6b05d66edb4cc4) Importer(2089858483,d624ce77472d68a35037170ec1d2d27e) (ScriptedImporter) -> (artifact id: 'fc51fc69e074323dbce8c30b4d3ccf19') in 0.0037672 seconds
Number of updated asset objects reloaded before import = 0Number of asset objects unloaded after import = 2

========================================================================
Received Import Request.
  Time since last request: 0.000013 seconds.
  path: Assets/Tilemap/Tiles/waterfalls_96.asset
  artifactKey: Guid(dd8587c33c585a04b95259f60337f08d) Importer(2089858483,d624ce77472d68a35037170ec1d2d27e)
Start importing Assets/Tilemap/Tiles/waterfalls_96.asset using Guid(dd8587c33c585a04b95259f60337f08d) Importer(2089858483,d624ce77472d68a35037170ec1d2d27e) (ScriptedImporter) -> (artifact id: '9353e25a3b9ea8b0fe09f415b9f547b8') in 0.0035406 seconds
Number of updated asset objects reloaded before import = 0Number of asset objects unloaded after import = 2

========================================================================
Received Import Request.
  Time since last request: 0.000015 seconds.
  path: Assets/Tilemap/Tiles/waterfalls_26.asset
  artifactKey: Guid(4bd520794a1248b418b7287c0ac65614) Importer(2089858483,d624ce77472d68a35037170ec1d2d27e)
Start importing Assets/Tilemap/Tiles/waterfalls_26.asset using Guid(4bd520794a1248b418b7287c0ac65614) Importer(2089858483,d624ce77472d68a35037170ec1d2d27e) (ScriptedImporter) -> (artifact id: 'e06e597f04e131853915b318a50d843f') in 0.0038839 seconds
Number of updated asset objects reloaded before import = 0Number of asset objects unloaded after import = 2

========================================================================
Received Import Request.
  Time since last request: 0.000017 seconds.
  path: Assets/Tilemap/Tiles/waterfalls_36.asset
  artifactKey: Guid(f468ed05a4fbf28408f2344b50e53c6c) Importer(2089858483,d624ce77472d68a35037170ec1d2d27e)
Start importing Assets/Tilemap/Tiles/waterfalls_36.asset using Guid(f468ed05a4fbf28408f2344b50e53c6c) Importer(2089858483,d624ce77472d68a35037170ec1d2d27e) (ScriptedImporter) -> (artifact id: '8eb171615ab7ed5b441dfc1397d772cc') in 0.0069197 seconds
Number of updated asset objects reloaded before import = 0Number of asset objects unloaded after import = 2

========================================================================
Received Import Request.
  Time since last request: 0.000021 seconds.
  path: Assets/Tilemap/Tiles/waterfalls_22.asset
  artifactKey: Guid(9f67c3e768cea4941a8535c71b588a99) Importer(2089858483,d624ce77472d68a35037170ec1d2d27e)
Start importing Assets/Tilemap/Tiles/waterfalls_22.asset using Guid(9f67c3e768cea4941a8535c71b588a99) Importer(2089858483,d624ce77472d68a35037170ec1d2d27e) (ScriptedImporter) -> (artifact id: '0213c5e8b005fc14e5c0affa73f268f4') in 0.0040371 seconds
Number of updated asset objects reloaded before import = 0Number of asset objects unloaded after import = 2

========================================================================
Received Import Request.
  Time since last request: 0.000021 seconds.
  path: Assets/Tilemap/Tiles/waterfalls_95.asset
  artifactKey: Guid(5b2694ca74f595b4a90a6eab2b3c2572) Importer(2089858483,d624ce77472d68a35037170ec1d2d27e)
Start importing Assets/Tilemap/Tiles/waterfalls_95.asset using Guid(5b2694ca74f595b4a90a6eab2b3c2572) Importer(2089858483,d624ce77472d68a35037170ec1d2d27e) (ScriptedImporter) -> (artifact id: 'cee2faed417a1af6fdf101f0046d2725') in 0.0044984 seconds
Number of updated asset objects reloaded before import = 0Number of asset objects unloaded after import = 2

========================================================================
Received Import Request.
  Time since last request: 0.000018 seconds.
  path: Assets/Tilemap/Tiles/waterfalls_70.asset
  artifactKey: Guid(fa038bdd4cddd714a92d14c574377710) Importer(2089858483,d624ce77472d68a35037170ec1d2d27e)
Start importing Assets/Tilemap/Tiles/waterfalls_70.asset using Guid(fa038bdd4cddd714a92d14c574377710) Importer(2089858483,d624ce77472d68a35037170ec1d2d27e) (ScriptedImporter) -> (artifact id: '87e82ae0cbc16f7b733e2825ebd07135') in 0.005771 seconds
Number of updated asset objects reloaded before import = 0Number of asset objects unloaded after import = 2

========================================================================
Received Import Request.
  Time since last request: 0.000022 seconds.
  path: Assets/Tilemap/Tiles/waterfalls_10.asset
  artifactKey: Guid(ad954d5ced3bdde46a7fb6f300bb68f1) Importer(2089858483,d624ce77472d68a35037170ec1d2d27e)
Start importing Assets/Tilemap/Tiles/waterfalls_10.asset using Guid(ad954d5ced3bdde46a7fb6f300bb68f1) Importer(2089858483,d624ce77472d68a35037170ec1d2d27e) (ScriptedImporter) -> (artifact id: '82185ca2f90c958130c756fef77a4dfb') in 0.004012 seconds
Number of updated asset objects reloaded before import = 0Number of asset objects unloaded after import = 2

========================================================================
Received Import Request.
  Time since last request: 0.000021 seconds.
  path: Assets/Tilemap/Tiles/waterfalls_27.asset
  artifactKey: Guid(a25291855ad83d14694bbd43b4c857f1) Importer(2089858483,d624ce77472d68a35037170ec1d2d27e)
Start importing Assets/Tilemap/Tiles/waterfalls_27.asset using Guid(a25291855ad83d14694bbd43b4c857f1) Importer(2089858483,d624ce77472d68a35037170ec1d2d27e) (ScriptedImporter) -> (artifact id: 'b37aae3ea07367765422c25528abce1b') in 0.0043189 seconds
Number of updated asset objects reloaded before import = 0Number of asset objects unloaded after import = 2

========================================================================
Received Import Request.
  Time since last request: 0.000021 seconds.
  path: Assets/Tilemap/Tiles/waterfalls_2.asset
  artifactKey: Guid(b9d2124d524505f41b8916ce48571b56) Importer(2089858483,d624ce77472d68a35037170ec1d2d27e)
Start importing Assets/Tilemap/Tiles/waterfalls_2.asset using Guid(b9d2124d524505f41b8916ce48571b56) Importer(2089858483,d624ce77472d68a35037170ec1d2d27e) (ScriptedImporter) -> (artifact id: '1fae24313e1039c3b6a21377c7ec0929') in 0.0037283 seconds
Number of updated asset objects reloaded before import = 0Number of asset objects unloaded after import = 2

========================================================================
Received Import Request.
  Time since last request: 0.196314 seconds.
  path: Assets/Tilemap/Tiles/waterfalls_46.asset
  artifactKey: Guid(a092216610903db4a8f98d67280cd919) Importer(2089858483,d624ce77472d68a35037170ec1d2d27e)
Start importing Assets/Tilemap/Tiles/waterfalls_46.asset using Guid(a092216610903db4a8f98d67280cd919) Importer(2089858483,d624ce77472d68a35037170ec1d2d27e) (ScriptedImporter) -> (artifact id: 'e5596c02c96b2f70ea2731e0c3cc79ab') in 0.0035346 seconds
Number of updated asset objects reloaded before import = 0Number of asset objects unloaded after import = 2

========================================================================
Received Import Request.
  Time since last request: 0.000017 seconds.
  path: Assets/Tilemap/Tiles/waterfalls_86.asset
  artifactKey: Guid(41806724c5d71274e8cf81462305fc69) Importer(2089858483,d624ce77472d68a35037170ec1d2d27e)
Start importing Assets/Tilemap/Tiles/waterfalls_86.asset using Guid(41806724c5d71274e8cf81462305fc69) Importer(2089858483,d624ce77472d68a35037170ec1d2d27e) (ScriptedImporter) -> (artifact id: '9f4cfdc65e133ec9e0be67fc3db24652') in 0.0046667 seconds
Number of updated asset objects reloaded before import = 0Number of asset objects unloaded after import = 2

========================================================================
Received Import Request.
  Time since last request: 0.000017 seconds.
  path: Assets/Tilemap/Tiles/waterfalls_84.asset
  artifactKey: Guid(c374d0c7d0a37c44f84bbbc4bc5076ac) Importer(2089858483,d624ce77472d68a35037170ec1d2d27e)
Start importing Assets/Tilemap/Tiles/waterfalls_84.asset using Guid(c374d0c7d0a37c44f84bbbc4bc5076ac) Importer(2089858483,d624ce77472d68a35037170ec1d2d27e) (ScriptedImporter) -> (artifact id: '913fa02c271b27c6c58b7e8290b9918a') in 0.0043693 seconds
Number of updated asset objects reloaded before import = 0Number of asset objects unloaded after import = 2

========================================================================
Received Import Request.
  Time since last request: 0.000017 seconds.
  path: Assets/Tilemap/Tiles/waterfalls_99.asset
  artifactKey: Guid(d3693db9d6b23934d911e808dcb1f328) Importer(2089858483,d624ce77472d68a35037170ec1d2d27e)
Start importing Assets/Tilemap/Tiles/waterfalls_99.asset using Guid(d3693db9d6b23934d911e808dcb1f328) Importer(2089858483,d624ce77472d68a35037170ec1d2d27e) (ScriptedImporter) -> (artifact id: '81acd9419d5afbf434279895f36b0048') in 0.0041492 seconds
Number of updated asset objects reloaded before import = 0Number of asset objects unloaded after import = 2

========================================================================
Received Import Request.
  Time since last request: 0.000166 seconds.
  path: Assets/Tilemap/Tiles/waterfalls_9.asset
  artifactKey: Guid(291e9a84bee23b74fa72c66ea9fd871d) Importer(2089858483,d624ce77472d68a35037170ec1d2d27e)
Start importing Assets/Tilemap/Tiles/waterfalls_9.asset using Guid(291e9a84bee23b74fa72c66ea9fd871d) Importer(2089858483,d624ce77472d68a35037170ec1d2d27e) (ScriptedImporter) -> (artifact id: 'ed70059db30b1fab8da3b316547a6fb1') in 0.0034575 seconds
Number of updated asset objects reloaded before import = 0Number of asset objects unloaded after import = 2

========================================================================
Received Import Request.
  Time since last request: 0.000021 seconds.
  path: Assets/Tilemap/Tiles/waterfalls_40.asset
  artifactKey: Guid(17d889c4d3b5f384f8b2d9727471fa6e) Importer(2089858483,d624ce77472d68a35037170ec1d2d27e)
Start importing Assets/Tilemap/Tiles/waterfalls_40.asset using Guid(17d889c4d3b5f384f8b2d9727471fa6e) Importer(2089858483,d624ce77472d68a35037170ec1d2d27e) (ScriptedImporter) -> (artifact id: 'ce8d307147d13e8058c505c8500f6d8b') in 0.0043195 seconds
Number of updated asset objects reloaded before import = 0Number of asset objects unloaded after import = 2

========================================================================
Received Import Request.
  Time since last request: 0.000017 seconds.
  path: Assets/Tilemap/Tiles/waterfalls_59.asset
  artifactKey: Guid(c5f01b059b5e4c040bca00ec472c2d63) Importer(2089858483,d624ce77472d68a35037170ec1d2d27e)
Start importing Assets/Tilemap/Tiles/waterfalls_59.asset using Guid(c5f01b059b5e4c040bca00ec472c2d63) Importer(2089858483,d624ce77472d68a35037170ec1d2d27e) (ScriptedImporter) -> (artifact id: 'c7c54edd168222f99113019f40309354') in 0.0034064 seconds
Number of updated asset objects reloaded before import = 0Number of asset objects unloaded after import = 2

========================================================================
Received Import Request.
  Time since last request: 0.000016 seconds.
  path: Assets/Tilemap/Tiles/waterfalls_58.asset
  artifactKey: Guid(bf6ad8bc03de58044a0a04f153726c69) Importer(2089858483,d624ce77472d68a35037170ec1d2d27e)
Start importing Assets/Tilemap/Tiles/waterfalls_58.asset using Guid(bf6ad8bc03de58044a0a04f153726c69) Importer(2089858483,d624ce77472d68a35037170ec1d2d27e) (ScriptedImporter) -> (artifact id: '8bbd709ed5edc2a7c462d6110a9b2439') in 0.0057003 seconds
Number of updated asset objects reloaded before import = 0Number of asset objects unloaded after import = 2

========================================================================
Received Import Request.
  Time since last request: 14.880674 seconds.
  path: Assets/Tilemap/Tiles/waterfalls_2.asset
  artifactKey: Guid(b9d2124d524505f41b8916ce48571b56) Importer(815301076,1909f56bfc062723c751e8b465ee728b)
Start importing Assets/Tilemap/Tiles/waterfalls_2.asset using Guid(b9d2124d524505f41b8916ce48571b56) Importer(815301076,1909f56bfc062723c751e8b465ee728b) (PreviewImporter) -> (artifact id: '0361284801ca46f08e31a6ea5c2f1e9b') in 0.0628939 seconds
Number of updated asset objects reloaded before import = 0Number of asset objects unloaded after import = 3

========================================================================
Received Import Request.
  Time since last request: 0.000019 seconds.
  path: Assets/Tilemap/Tiles/waterfalls_37.asset
  artifactKey: Guid(67fa775c047eab74385ce065333d32b3) Importer(815301076,1909f56bfc062723c751e8b465ee728b)
Start importing Assets/Tilemap/Tiles/waterfalls_37.asset using Guid(67fa775c047eab74385ce065333d32b3) Importer(815301076,1909f56bfc062723c751e8b465ee728b) (PreviewImporter) -> (artifact id: '22558272e4db3a236a6bc108404f1f40') in 0.0051517 seconds
Number of updated asset objects reloaded before import = 0Number of asset objects unloaded after import = 3

========================================================================
Received Import Request.
  Time since last request: 0.000023 seconds.
  path: Assets/Tilemap/Tiles/waterfalls_12.asset
  artifactKey: Guid(b57acae4388a79742b01dc7726a40ae0) Importer(815301076,1909f56bfc062723c751e8b465ee728b)
Start importing Assets/Tilemap/Tiles/waterfalls_12.asset using Guid(b57acae4388a79742b01dc7726a40ae0) Importer(815301076,1909f56bfc062723c751e8b465ee728b) (PreviewImporter) -> (artifact id: 'c8c37e87ca9b847bebb040d401bba2ef') in 0.0046496 seconds
Number of updated asset objects reloaded before import = 0Number of asset objects unloaded after import = 3

========================================================================
Received Import Request.
  Time since last request: 0.000016 seconds.
  path: Assets/Tilemap/Tiles/waterfalls_31.asset
  artifactKey: Guid(ee9eb6ded5fe5ec458cb8415b3008f25) Importer(815301076,1909f56bfc062723c751e8b465ee728b)
Start importing Assets/Tilemap/Tiles/waterfalls_31.asset using Guid(ee9eb6ded5fe5ec458cb8415b3008f25) Importer(815301076,1909f56bfc062723c751e8b465ee728b) (PreviewImporter) -> (artifact id: '584c634be2897be4d9e53f84cf03adbe') in 0.0040003 seconds
Number of updated asset objects reloaded before import = 0Number of asset objects unloaded after import = 3

========================================================================
Received Import Request.
  Time since last request: 0.000019 seconds.
  path: Assets/Tilemap/Tiles/waterfalls_43.asset
  artifactKey: Guid(5d6273f103a436247b901b0681910396) Importer(815301076,1909f56bfc062723c751e8b465ee728b)
Start importing Assets/Tilemap/Tiles/waterfalls_43.asset using Guid(5d6273f103a436247b901b0681910396) Importer(815301076,1909f56bfc062723c751e8b465ee728b) (PreviewImporter) -> (artifact id: '23fa7f5259c65bf4753709e392725636') in 0.0044363 seconds
Number of updated asset objects reloaded before import = 0Number of asset objects unloaded after import = 3

========================================================================
Received Import Request.
  Time since last request: 0.000018 seconds.
  path: Assets/Tilemap/Tiles/waterfalls_33.asset
  artifactKey: Guid(ddf15e856e2f0f942998c45ea90c0ff5) Importer(815301076,1909f56bfc062723c751e8b465ee728b)
Start importing Assets/Tilemap/Tiles/waterfalls_33.asset using Guid(ddf15e856e2f0f942998c45ea90c0ff5) Importer(815301076,1909f56bfc062723c751e8b465ee728b) (PreviewImporter) -> (artifact id: 'c89cca4eac90d156cf86d343fc6c39d6') in 0.004518 seconds
Number of updated asset objects reloaded before import = 0Number of asset objects unloaded after import = 3

========================================================================
Received Import Request.
  Time since last request: 0.000015 seconds.
  path: Assets/Tilemap/Tiles/waterfalls_7.asset
  artifactKey: Guid(469527f2773f58742aa718bf2b3dfa2b) Importer(815301076,1909f56bfc062723c751e8b465ee728b)
Start importing Assets/Tilemap/Tiles/waterfalls_7.asset using Guid(469527f2773f58742aa718bf2b3dfa2b) Importer(815301076,1909f56bfc062723c751e8b465ee728b) (PreviewImporter) -> (artifact id: '0647d44e6835c65e412c36102078a3ae') in 0.0048255 seconds
Number of updated asset objects reloaded before import = 0Number of asset objects unloaded after import = 3

========================================================================
Received Import Request.
  Time since last request: 0.000013 seconds.
  path: Assets/Tilemap/Tiles/waterfalls_5.asset
  artifactKey: Guid(604ba986d1ace3b4babb93c63770350e) Importer(815301076,1909f56bfc062723c751e8b465ee728b)
Start importing Assets/Tilemap/Tiles/waterfalls_5.asset using Guid(604ba986d1ace3b4babb93c63770350e) Importer(815301076,1909f56bfc062723c751e8b465ee728b) (PreviewImporter) -> (artifact id: '1fdba120104ad1e65efb220986c08054') in 0.0042492 seconds
Number of updated asset objects reloaded before import = 0Number of asset objects unloaded after import = 3

========================================================================
Received Import Request.
  Time since last request: 0.000013 seconds.
  path: Assets/Tilemap/Tiles/waterfalls_54.asset
  artifactKey: Guid(b56e7167a4e4cc947a83b231c628f2a4) Importer(815301076,1909f56bfc062723c751e8b465ee728b)
Start importing Assets/Tilemap/Tiles/waterfalls_54.asset using Guid(b56e7167a4e4cc947a83b231c628f2a4) Importer(815301076,1909f56bfc062723c751e8b465ee728b) (PreviewImporter) -> (artifact id: '636143086065c6c49b6306bb35032d5c') in 0.0061257 seconds
Number of updated asset objects reloaded before import = 0Number of asset objects unloaded after import = 3

========================================================================
Received Import Request.
  Time since last request: 0.000019 seconds.
  path: Assets/Tilemap/Tiles/waterfalls_48.asset
  artifactKey: Guid(627373d25ae47a0449f9b1005c2203d0) Importer(815301076,1909f56bfc062723c751e8b465ee728b)
Start importing Assets/Tilemap/Tiles/waterfalls_48.asset using Guid(627373d25ae47a0449f9b1005c2203d0) Importer(815301076,1909f56bfc062723c751e8b465ee728b) (PreviewImporter) -> (artifact id: '29d47eac4cae1562a020303266507a28') in 0.0059961 seconds
Number of updated asset objects reloaded before import = 0Number of asset objects unloaded after import = 3

========================================================================
Received Import Request.
  Time since last request: 0.000021 seconds.
  path: Assets/Tilemap/Tiles/waterfalls_8.asset
  artifactKey: Guid(a74e58587fda7054b98cbc62b593aa24) Importer(815301076,1909f56bfc062723c751e8b465ee728b)
Start importing Assets/Tilemap/Tiles/waterfalls_8.asset using Guid(a74e58587fda7054b98cbc62b593aa24) Importer(815301076,1909f56bfc062723c751e8b465ee728b) (PreviewImporter) -> (artifact id: '401e7622929d5b17b4ade87429b4f616') in 0.0046414 seconds
Number of updated asset objects reloaded before import = 0Number of asset objects unloaded after import = 3

========================================================================
Received Import Request.
  Time since last request: 0.000022 seconds.
  path: Assets/Tilemap/Tiles/waterfalls_13.asset
  artifactKey: Guid(66ad18603c4053d4b92c3589133595c2) Importer(815301076,1909f56bfc062723c751e8b465ee728b)
Start importing Assets/Tilemap/Tiles/waterfalls_13.asset using Guid(66ad18603c4053d4b92c3589133595c2) Importer(815301076,1909f56bfc062723c751e8b465ee728b) (PreviewImporter) -> (artifact id: '2487af94236baf5ed925a8d07d612e4f') in 0.0040809 seconds
Number of updated asset objects reloaded before import = 0Number of asset objects unloaded after import = 3

========================================================================
Received Import Request.
  Time since last request: 0.000019 seconds.
  path: Assets/Tilemap/Tiles/waterfalls_35.asset
  artifactKey: Guid(4ad2697203db6fa43b4482aec37ecbc8) Importer(815301076,1909f56bfc062723c751e8b465ee728b)
Start importing Assets/Tilemap/Tiles/waterfalls_35.asset using Guid(4ad2697203db6fa43b4482aec37ecbc8) Importer(815301076,1909f56bfc062723c751e8b465ee728b) (PreviewImporter) -> (artifact id: '62ee1b7fa08d8f4af878eaf20e7a5138') in 0.0042921 seconds
Number of updated asset objects reloaded before import = 0Number of asset objects unloaded after import = 3

========================================================================
Received Import Request.
  Time since last request: 0.000014 seconds.
  path: Assets/Tilemap/Tiles/waterfalls_26.asset
  artifactKey: Guid(4bd520794a1248b418b7287c0ac65614) Importer(815301076,1909f56bfc062723c751e8b465ee728b)
Start importing Assets/Tilemap/Tiles/waterfalls_26.asset using Guid(4bd520794a1248b418b7287c0ac65614) Importer(815301076,1909f56bfc062723c751e8b465ee728b) (PreviewImporter) -> (artifact id: 'e27a1a049bb10143b0652e50da2c5695') in 0.0040063 seconds
Number of updated asset objects reloaded before import = 0Number of asset objects unloaded after import = 3

========================================================================
Received Import Request.
  Time since last request: 0.000020 seconds.
  path: Assets/Tilemap/Tiles/waterfalls_59.asset
  artifactKey: Guid(c5f01b059b5e4c040bca00ec472c2d63) Importer(815301076,1909f56bfc062723c751e8b465ee728b)
Start importing Assets/Tilemap/Tiles/waterfalls_59.asset using Guid(c5f01b059b5e4c040bca00ec472c2d63) Importer(815301076,1909f56bfc062723c751e8b465ee728b) (PreviewImporter) -> (artifact id: '31f2bdc48468a8224e8f0d9adf8316fa') in 0.004266 seconds
Number of updated asset objects reloaded before import = 0Number of asset objects unloaded after import = 3

========================================================================
Received Import Request.
  Time since last request: 0.000062 seconds.
  path: Assets/Tilemap/Tiles/waterfalls_4.asset
  artifactKey: Guid(c69abd39e27bd764b97060049595a20c) Importer(815301076,1909f56bfc062723c751e8b465ee728b)
Start importing Assets/Tilemap/Tiles/waterfalls_4.asset using Guid(c69abd39e27bd764b97060049595a20c) Importer(815301076,1909f56bfc062723c751e8b465ee728b) (PreviewImporter) -> (artifact id: 'd77a36a87f3c601a78f3e7ab78efe660') in 0.0059055 seconds
Number of updated asset objects reloaded before import = 0Number of asset objects unloaded after import = 3

========================================================================
Received Import Request.
  Time since last request: 0.000014 seconds.
  path: Assets/Tilemap/Tiles/waterfalls_58.asset
  artifactKey: Guid(bf6ad8bc03de58044a0a04f153726c69) Importer(815301076,1909f56bfc062723c751e8b465ee728b)
Start importing Assets/Tilemap/Tiles/waterfalls_58.asset using Guid(bf6ad8bc03de58044a0a04f153726c69) Importer(815301076,1909f56bfc062723c751e8b465ee728b) (PreviewImporter) -> (artifact id: 'f0342452caf2769987305a82af41feb0') in 0.0042574 seconds
Number of updated asset objects reloaded before import = 0Number of asset objects unloaded after import = 3

Editor requested this worker to shutdown with reason: Scaling down because of idle timeout
AssetImportWorker is now disconnected from the server
Process exiting
Exiting without the bug reporter. Application will terminate with return code 0